<?xml version="1.0" encoding="UTF-8"?>
<testng-results ignored="0" total="1" passed="1" failed="0" skipped="0">
  <reporter-output>
  </reporter-output>
  <suite started-at="2020-04-16T00:37:02 GMT-04:00" name="Surefire suite" finished-at="2020-04-16T00:37:20 GMT-04:00" duration-ms="17834">
    <groups>
    </groups>
    <test started-at="2020-04-16T00:37:02 GMT-04:00" name="Surefire test" finished-at="2020-04-16T00:37:20 GMT-04:00" duration-ms="17834">
      <class name="com.herokuapp.theinternet.PositiveTests">
        <test-method signature="loginTest()[pri:0, instance:com.herokuapp.theinternet.PositiveTests@b7dd107]" started-at="2020-04-16T00:37:02 GMT-04:00" name="loginTest" finished-at="2020-04-16T00:37:20 GMT-04:00" duration-ms="17808" status="PASS">
          <reporter-output>
          </reporter-output>
        </test-method> <!-- loginTest -->
      </class> <!-- com.herokuapp.theinternet.PositiveTests -->
    </test> <!-- Surefire test -->
  </suite> <!-- Surefire suite -->
</testng-results>
