<?xml version="1.0" encoding="UTF-8"?>
<testng-results ignored="0" total="1" passed="1" failed="0" skipped="0">
  <reporter-output>
  </reporter-output>
  <suite started-at="2020-04-20T19:14:51 GMT-04:00" name="Default suite" finished-at="2020-04-20T19:14:59 GMT-04:00" duration-ms="8028">
    <groups>
    </groups>
    <test started-at="2020-04-20T19:14:51 GMT-04:00" name="Default test" finished-at="2020-04-20T19:14:59 GMT-04:00" duration-ms="8028">
      <class name="com.herokuapp.theinternet.PositiveTests">
        <test-method signature="loginTest()[pri:0, instance:com.herokuapp.theinternet.PositiveTests@212bf671]" started-at="2020-04-20T19:14:51 GMT-04:00" name="loginTest" finished-at="2020-04-20T19:14:59 GMT-04:00" duration-ms="7995" status="PASS">
          <reporter-output>
          </reporter-output>
        </test-method> <!-- loginTest -->
      </class> <!-- com.herokuapp.theinternet.PositiveTests -->
    </test> <!-- Default test -->
  </suite> <!-- Default suite -->
</testng-results>
